<?xml version="1.0" encoding="UTF-8"?>
<!-- Generated by org.testng.reporters.JUnitReportReporter -->
<testsuite skipped="0" hostname="Murats-MacBook-Pro.local" name="seleniumgrid.WoodenSpoonSearchMac" tests="2" failures="0" timestamp="24 Mar 2018 08:02:54 GMT" time="32.688" errors="0">
  <testcase name="AmazonSearchTest" time="7.358" classname="seleniumgrid.WoodenSpoonSearchMac"/>
  <testcase name="EtsySearchTest" time="25.330" classname="seleniumgrid.WoodenSpoonSearchMac"/>
</testsuite> <!-- seleniumgrid.WoodenSpoonSearchMac -->
