<?xml version="1.0" encoding="UTF-8"?>
<!-- Generated by org.testng.reporters.JUnitReportReporter -->
<testsuite skipped="0" hostname="Murats-MacBook-Pro.local" name="com.saucelab.WoodenSpoonSearch" tests="2" failures="0" timestamp="24 Mar 2018 08:02:54 GMT" time="40.781" errors="0">
  <testcase name="AmazonSearchTest" time="13.847" classname="com.saucelab.WoodenSpoonSearch"/>
  <testcase name="EtsySearchTest" time="26.934" classname="com.saucelab.WoodenSpoonSearch"/>
</testsuite> <!-- com.saucelab.WoodenSpoonSearch -->
